2023-04-19 18:06:33,161 INFO  StartupInfoLogger:55 - [] Starting UserImplTest using Java 17.0.6 on DESKTOP-UFTPRTL with PID 6912 (started by Acer in C:\Users\Acer\Desktop\New folder (5)\E-commerce)
2023-04-19 18:06:33,287 DEBUG StartupInfoLogger:56 - [] Running with Spring Boot v2.7.10, Spring v5.3.26
2023-04-19 18:06:33,293 INFO  SpringApplication:637 - [] The following 1 profile is active: "dev"
2023-04-19 18:07:23,009 INFO  StartupInfoLogger:61 - [] Started UserImplTest in 56.03 seconds (JVM running for 78.598)
2023-04-19 18:07:23,656 INFO  UserImpl:73 - [] Initiating DAO Call for Delete User
2023-04-19 18:07:23,710 INFO  UserImpl:84 - [] Completing DAO Call for Delete User
2023-04-19 18:14:18,478 INFO  StartupInfoLogger:55 - [] Starting UserImplTest using Java 17.0.6 on DESKTOP-UFTPRTL with PID 9368 (started by Acer in C:\Users\Acer\Desktop\New folder (5)\E-commerce)
2023-04-19 18:14:18,498 DEBUG StartupInfoLogger:56 - [] Running with Spring Boot v2.7.10, Spring v5.3.26
2023-04-19 18:14:18,502 INFO  SpringApplication:637 - [] The following 1 profile is active: "dev"
2023-04-19 18:15:05,763 INFO  StartupInfoLogger:61 - [] Started UserImplTest in 50.476 seconds (JVM running for 64.818)
2023-04-19 18:15:06,356 INFO  UserImpl:73 - [] Initiating DAO Call for Delete User
2023-04-19 18:15:06,401 INFO  UserImpl:84 - [] Completing DAO Call for Delete User
2023-04-19 18:26:21,067 INFO  StartupInfoLogger:55 - [] Starting UserImplTest using Java 17.0.6 on DESKTOP-UFTPRTL with PID 8844 (started by Acer in C:\Users\Acer\Desktop\New folder (5)\E-commerce)
2023-04-19 18:26:21,080 DEBUG StartupInfoLogger:56 - [] Running with Spring Boot v2.7.10, Spring v5.3.26
2023-04-19 18:26:21,082 INFO  SpringApplication:637 - [] The following 1 profile is active: "dev"
2023-04-19 18:26:58,543 INFO  StartupInfoLogger:61 - [] Started UserImplTest in 39.478 seconds (JVM running for 49.12)
2023-04-19 18:26:58,952 INFO  UserImpl:73 - [] Initiating DAO Call for Delete User
2023-04-19 18:26:59,022 INFO  UserImpl:84 - [] Completing DAO Call for Delete User
2023-04-19 18:28:58,745 INFO  StartupInfoLogger:55 - [] Starting UserImplTest using Java 17.0.6 on DESKTOP-UFTPRTL with PID 8832 (started by Acer in C:\Users\Acer\Desktop\New folder (5)\E-commerce)
2023-04-19 18:28:58,799 DEBUG StartupInfoLogger:56 - [] Running with Spring Boot v2.7.10, Spring v5.3.26
2023-04-19 18:28:58,804 INFO  SpringApplication:637 - [] The following 1 profile is active: "dev"
2023-04-19 18:30:04,109 INFO  StartupInfoLogger:61 - [] Started UserImplTest in 70.075 seconds (JVM running for 90.06)
2023-04-19 18:30:04,432 INFO  UserImpl:73 - [] Initiating DAO Call for Delete User
2023-04-19 18:30:04,449 INFO  UserImpl:84 - [] Completing DAO Call for Delete User
2023-04-19 18:32:40,677 INFO  StartupInfoLogger:55 - [] Starting UserImplTest using Java 17.0.6 on DESKTOP-UFTPRTL with PID 8996 (started by Acer in C:\Users\Acer\Desktop\New folder (5)\E-commerce)
2023-04-19 18:32:40,690 DEBUG StartupInfoLogger:56 - [] Running with Spring Boot v2.7.10, Spring v5.3.26
2023-04-19 18:32:40,694 INFO  SpringApplication:637 - [] The following 1 profile is active: "dev"
2023-04-19 18:33:07,721 INFO  StartupInfoLogger:61 - [] Started UserImplTest in 29.152 seconds (JVM running for 35.697)
2023-04-19 18:33:08,040 INFO  UserImpl:73 - [] Initiating DAO Call for Delete User
2023-04-19 18:33:08,060 INFO  UserImpl:84 - [] Completing DAO Call for Delete User
2023-04-19 18:34:51,577 INFO  StartupInfoLogger:55 - [] Starting UserImplTest using Java 17.0.6 on DESKTOP-UFTPRTL with PID 7148 (started by Acer in C:\Users\Acer\Desktop\New folder (5)\E-commerce)
2023-04-19 18:34:51,636 DEBUG StartupInfoLogger:56 - [] Running with Spring Boot v2.7.10, Spring v5.3.26
2023-04-19 18:34:51,641 INFO  SpringApplication:637 - [] The following 1 profile is active: "dev"
2023-04-19 18:35:19,908 INFO  StartupInfoLogger:61 - [] Started UserImplTest in 30.622 seconds (JVM running for 37.765)
2023-04-19 18:35:20,225 INFO  UserImpl:73 - [] Initiating DAO Call for Delete User
2023-04-19 18:35:20,246 INFO  UserImpl:84 - [] Completing DAO Call for Delete User
2023-04-19 18:35:20,288 INFO  UserImpl:73 - [] Initiating DAO Call for Delete User
2023-04-19 19:20:03,964 INFO  StartupInfoLogger:55 - [] Starting UserImplTest using Java 17.0.6 on DESKTOP-UFTPRTL with PID 10660 (started by Acer in C:\Users\Acer\Desktop\New folder (5)\E-commerce)
2023-04-19 19:20:03,982 DEBUG StartupInfoLogger:56 - [] Running with Spring Boot v2.7.10, Spring v5.3.26
2023-04-19 19:20:03,986 INFO  SpringApplication:637 - [] The following 1 profile is active: "dev"
2023-04-19 19:20:30,235 INFO  StartupInfoLogger:61 - [] Started UserImplTest in 28.095 seconds (JVM running for 36.535)
2023-04-19 19:20:30,530 INFO  UserImpl:95 - [] Initiating DAO Call for get All User
2023-04-19 19:20:30,551 INFO  UserImpl:103 - [] Completing DAO Call for get All User
2023-04-19 19:28:45,445 INFO  StartupInfoLogger:55 - [] Starting UserImplTest using Java 17.0.6 on DESKTOP-UFTPRTL with PID 8836 (started by Acer in C:\Users\Acer\Desktop\New folder (5)\E-commerce)
2023-04-19 19:28:45,458 DEBUG StartupInfoLogger:56 - [] Running with Spring Boot v2.7.10, Spring v5.3.26
2023-04-19 19:28:45,461 INFO  SpringApplication:637 - [] The following 1 profile is active: "dev"
2023-04-19 19:29:11,076 INFO  StartupInfoLogger:61 - [] Started UserImplTest in 27.66 seconds (JVM running for 33.787)
2023-04-19 19:29:11,330 INFO  UserImpl:113 - []  Initiating DAO Call for get Single User
2023-04-19 19:29:11,356 INFO  UserImpl:117 - [] Completing DAO Call for get Single User
2023-04-19 19:35:39,676 INFO  StartupInfoLogger:55 - [] Starting UserImplTest using Java 17.0.6 on DESKTOP-UFTPRTL with PID 4276 (started by Acer in C:\Users\Acer\Desktop\New folder (5)\E-commerce)
2023-04-19 19:35:39,692 DEBUG StartupInfoLogger:56 - [] Running with Spring Boot v2.7.10, Spring v5.3.26
2023-04-19 19:35:39,696 INFO  SpringApplication:637 - [] The following 1 profile is active: "dev"
2023-04-19 19:36:11,281 INFO  StartupInfoLogger:61 - [] Started UserImplTest in 33.626 seconds (JVM running for 41.518)
2023-04-19 19:36:11,653 INFO  UserImpl:113 - []  Initiating DAO Call for get Single User
2023-04-19 19:36:11,675 INFO  UserImpl:117 - [] Completing DAO Call for get Single User
2023-04-19 21:34:07,907 INFO  StartupInfoLogger:55 - [] Starting UserImplTest using Java 17.0.6 on DESKTOP-UFTPRTL with PID 184 (started by Acer in C:\Users\Acer\Desktop\New folder (5)\E-commerce)
2023-04-19 21:34:07,946 DEBUG StartupInfoLogger:56 - [] Running with Spring Boot v2.7.10, Spring v5.3.26
2023-04-19 21:34:07,948 INFO  SpringApplication:637 - [] The following 1 profile is active: "dev"
2023-04-19 21:35:04,248 INFO  StartupInfoLogger:61 - [] Started UserImplTest in 60.153 seconds (JVM running for 75.431)
2023-04-19 21:35:04,615 INFO  UserImpl:126 - []  Initiating DAO Call for get User By Email
2023-04-19 21:35:04,633 INFO  UserImpl:130 - []  Completing DAO Call for get User By Email
2023-04-19 21:36:45,801 INFO  StartupInfoLogger:55 - [] Starting UserImplTest using Java 17.0.6 on DESKTOP-UFTPRTL with PID 8804 (started by Acer in C:\Users\Acer\Desktop\New folder (5)\E-commerce)
2023-04-19 21:36:45,813 DEBUG StartupInfoLogger:56 - [] Running with Spring Boot v2.7.10, Spring v5.3.26
2023-04-19 21:36:45,817 INFO  SpringApplication:637 - [] The following 1 profile is active: "dev"
2023-04-19 21:37:46,110 INFO  StartupInfoLogger:61 - [] Started UserImplTest in 62.744 seconds (JVM running for 73.982)
2023-04-19 21:37:48,910 INFO  UserImpl:126 - []  Initiating DAO Call for get User By Email
2023-04-19 21:37:48,951 INFO  UserImpl:130 - []  Completing DAO Call for get User By Email
2023-04-19 22:07:58,086 INFO  StartupInfoLogger:55 - [] Starting UserImplTest using Java 17.0.6 on DESKTOP-UFTPRTL with PID 8628 (started by Acer in C:\Users\Acer\Desktop\New folder (5)\E-commerce)
2023-04-19 22:07:58,112 DEBUG StartupInfoLogger:56 - [] Running with Spring Boot v2.7.10, Spring v5.3.26
2023-04-19 22:07:58,114 INFO  SpringApplication:637 - [] The following 1 profile is active: "dev"
2023-04-19 22:08:28,147 INFO  StartupInfoLogger:61 - [] Started UserImplTest in 32.372 seconds (JVM running for 39.433)
2023-04-19 22:08:28,454 INFO  UserImpl:143 - []  Initiating DAO Call for Search User
2023-04-19 22:13:44,653 INFO  StartupInfoLogger:55 - [] Starting UserImplTest using Java 17.0.6 on DESKTOP-UFTPRTL with PID 9372 (started by Acer in C:\Users\Acer\Desktop\New folder (5)\E-commerce)
2023-04-19 22:13:44,701 DEBUG StartupInfoLogger:56 - [] Running with Spring Boot v2.7.10, Spring v5.3.26
2023-04-19 22:13:44,707 INFO  SpringApplication:637 - [] The following 1 profile is active: "dev"
2023-04-19 22:14:10,365 INFO  StartupInfoLogger:61 - [] Started UserImplTest in 27.663 seconds (JVM running for 34.408)
2023-04-19 22:14:10,649 INFO  UserImpl:143 - []  Initiating DAO Call for Search User
2023-04-19 22:29:32,843 INFO  StartupInfoLogger:55 - [] Starting UserImplTest using Java 17.0.6 on DESKTOP-UFTPRTL with PID 10116 (started by Acer in C:\Users\Acer\Desktop\New folder (5)\E-commerce)
2023-04-19 22:29:32,867 DEBUG StartupInfoLogger:56 - [] Running with Spring Boot v2.7.10, Spring v5.3.26
2023-04-19 22:29:32,869 INFO  SpringApplication:637 - [] The following 1 profile is active: "dev"
2023-04-19 22:29:57,299 INFO  StartupInfoLogger:61 - [] Started UserImplTest in 26.208 seconds (JVM running for 32.72)
2023-04-19 22:29:57,592 INFO  UserImpl:143 - []  Initiating DAO Call for Search User
2023-04-19 22:35:17,856 INFO  StartupInfoLogger:55 - [] Starting UserImplTest using Java 17.0.6 on DESKTOP-UFTPRTL with PID 5432 (started by Acer in C:\Users\Acer\Desktop\New folder (5)\E-commerce)
2023-04-19 22:35:17,866 DEBUG StartupInfoLogger:56 - [] Running with Spring Boot v2.7.10, Spring v5.3.26
2023-04-19 22:35:17,868 INFO  SpringApplication:637 - [] The following 1 profile is active: "dev"
2023-04-19 22:35:41,604 INFO  StartupInfoLogger:61 - [] Started UserImplTest in 25.677 seconds (JVM running for 31.57)
2023-04-19 22:35:41,837 INFO  UserImpl:143 - []  Initiating DAO Call for Search User
2023-04-19 22:43:15,941 INFO  StartupInfoLogger:55 - [] Starting UserImplTest using Java 17.0.6 on DESKTOP-UFTPRTL with PID 2012 (started by Acer in C:\Users\Acer\Desktop\New folder (5)\E-commerce)
2023-04-19 22:43:15,965 DEBUG StartupInfoLogger:56 - [] Running with Spring Boot v2.7.10, Spring v5.3.26
2023-04-19 22:43:15,976 INFO  SpringApplication:637 - [] The following 1 profile is active: "dev"
2023-04-19 22:43:45,006 INFO  StartupInfoLogger:61 - [] Started UserImplTest in 31.166 seconds (JVM running for 48.742)
2023-04-19 22:43:45,548 INFO  UserImpl:143 - []  Initiating DAO Call for Search User
2023-04-19 22:46:08,893 INFO  StartupInfoLogger:55 - [] Starting UserImplTest using Java 17.0.6 on DESKTOP-UFTPRTL with PID 1492 (started by Acer in C:\Users\Acer\Desktop\New folder (5)\E-commerce)
2023-04-19 22:46:08,904 DEBUG StartupInfoLogger:56 - [] Running with Spring Boot v2.7.10, Spring v5.3.26
2023-04-19 22:46:08,907 INFO  SpringApplication:637 - [] The following 1 profile is active: "dev"
2023-04-19 22:46:38,099 INFO  StartupInfoLogger:61 - [] Started UserImplTest in 31.394 seconds (JVM running for 38.087)
2023-04-19 22:46:38,347 INFO  UserImpl:143 - []  Initiating DAO Call for Search User
2023-04-19 22:47:51,716 INFO  StartupInfoLogger:55 - [] Starting UserImplTest using Java 17.0.6 on DESKTOP-UFTPRTL with PID 9888 (started by Acer in C:\Users\Acer\Desktop\New folder (5)\E-commerce)
2023-04-19 22:47:51,732 DEBUG StartupInfoLogger:56 - [] Running with Spring Boot v2.7.10, Spring v5.3.26
2023-04-19 22:47:51,737 INFO  SpringApplication:637 - [] The following 1 profile is active: "dev"
2023-04-19 22:48:19,012 INFO  StartupInfoLogger:61 - [] Started UserImplTest in 29.293 seconds (JVM running for 35.609)
2023-04-19 22:48:19,330 INFO  UserImpl:143 - []  Initiating DAO Call for Search User
2023-04-19 22:55:36,780 INFO  StartupInfoLogger:55 - [] Starting UserImplTest using Java 17.0.6 on DESKTOP-UFTPRTL with PID 5560 (started by Acer in C:\Users\Acer\Desktop\New folder (5)\E-commerce)
2023-04-19 22:55:36,901 DEBUG StartupInfoLogger:56 - [] Running with Spring Boot v2.7.10, Spring v5.3.26
2023-04-19 22:55:36,936 INFO  SpringApplication:637 - [] The following 1 profile is active: "dev"
2023-04-19 22:56:11,539 INFO  StartupInfoLogger:61 - [] Started UserImplTest in 37.389 seconds (JVM running for 44.924)
2023-04-19 22:56:11,825 INFO  UserImpl:143 - []  Initiating DAO Call for Search User
2023-04-19 22:56:12,156 INFO  UserImpl:149 - []  Completing DAO Call for Search User
2023-04-19 22:57:19,343 INFO  StartupInfoLogger:55 - [] Starting UserImplTest using Java 17.0.6 on DESKTOP-UFTPRTL with PID 10772 (started by Acer in C:\Users\Acer\Desktop\New folder (5)\E-commerce)
2023-04-19 22:57:19,354 DEBUG StartupInfoLogger:56 - [] Running with Spring Boot v2.7.10, Spring v5.3.26
2023-04-19 22:57:19,357 INFO  SpringApplication:637 - [] The following 1 profile is active: "dev"
2023-04-19 22:57:49,868 INFO  StartupInfoLogger:61 - [] Started UserImplTest in 32.552 seconds (JVM running for 38.651)
2023-04-19 22:57:50,236 INFO  UserImpl:143 - []  Initiating DAO Call for Search User
2023-04-19 22:58:58,769 INFO  StartupInfoLogger:55 - [] Starting UserImplTest using Java 17.0.6 on DESKTOP-UFTPRTL with PID 4868 (started by Acer in C:\Users\Acer\Desktop\New folder (5)\E-commerce)
2023-04-19 22:58:58,825 DEBUG StartupInfoLogger:56 - [] Running with Spring Boot v2.7.10, Spring v5.3.26
2023-04-19 22:58:58,828 INFO  SpringApplication:637 - [] The following 1 profile is active: "dev"
2023-04-19 22:59:26,351 INFO  StartupInfoLogger:61 - [] Started UserImplTest in 29.701 seconds (JVM running for 37.76)
2023-04-19 22:59:26,872 INFO  UserImpl:143 - []  Initiating DAO Call for Search User
2023-04-19 22:59:27,032 INFO  UserImpl:149 - []  Completing DAO Call for Search User
2023-04-19 23:00:37,627 INFO  StartupInfoLogger:55 - [] Starting UserImplTest using Java 17.0.6 on DESKTOP-UFTPRTL with PID 4888 (started by Acer in C:\Users\Acer\Desktop\New folder (5)\E-commerce)
2023-04-19 23:00:37,825 DEBUG StartupInfoLogger:56 - [] Running with Spring Boot v2.7.10, Spring v5.3.26
2023-04-19 23:00:37,874 INFO  SpringApplication:637 - [] The following 1 profile is active: "dev"
2023-04-19 23:01:04,895 INFO  StartupInfoLogger:61 - [] Started UserImplTest in 29.361 seconds (JVM running for 37.072)
2023-04-19 23:01:05,158 INFO  UserImpl:143 - []  Initiating DAO Call for Search User
2023-04-19 23:01:05,347 INFO  UserImpl:149 - []  Completing DAO Call for Search User
