2023-04-17 21:13:30,026 INFO  StartupInfoLogger:55 - [] Starting UserImplTest using Java 17.0.6 on DESKTOP-UFTPRTL with PID 5656 (started by Acer in C:\Users\Acer\Desktop\New folder (5)\E-commerce)
2023-04-17 21:13:30,065 DEBUG StartupInfoLogger:56 - [] Running with Spring Boot v2.7.10, Spring v5.3.26
2023-04-17 21:13:30,071 INFO  SpringApplication:637 - [] The following 1 profile is active: "dev"
2023-04-17 21:14:05,146 INFO  StartupInfoLogger:61 - [] Started UserImplTest in 37.254 seconds (JVM running for 46.043)
2023-04-17 21:14:05,688 INFO  UserImpl:35 - [] Initiating DAO Call for Create User
2023-04-17 21:14:05,724 INFO  UserImpl:43 - [] Completing DAO Call for Create User
2023-04-17 21:29:30,111 INFO  StartupInfoLogger:55 - [] Starting UserImplTest using Java 17.0.6 on DESKTOP-UFTPRTL with PID 6684 (started by Acer in C:\Users\Acer\Desktop\New folder (5)\E-commerce)
2023-04-17 21:29:30,261 DEBUG StartupInfoLogger:56 - [] Running with Spring Boot v2.7.10, Spring v5.3.26
2023-04-17 21:29:30,268 INFO  SpringApplication:637 - [] The following 1 profile is active: "dev"
2023-04-17 21:30:21,606 INFO  StartupInfoLogger:61 - [] Started UserImplTest in 57.486 seconds (JVM running for 73.215)
2023-04-17 21:30:22,109 INFO  UserImpl:35 - [] Initiating DAO Call for Create User
2023-04-17 21:30:22,142 INFO  UserImpl:43 - [] Completing DAO Call for Create User
2023-04-17 21:35:58,212 INFO  StartupInfoLogger:55 - [] Starting ECommerceApplicationTests using Java 17.0.6 on DESKTOP-UFTPRTL with PID 10528 (started by Acer in C:\Users\Acer\Desktop\New folder (5)\E-commerce)
2023-04-17 21:35:58,272 DEBUG StartupInfoLogger:56 - [] Running with Spring Boot v2.7.10, Spring v5.3.26
2023-04-17 21:35:58,276 INFO  SpringApplication:637 - [] The following 1 profile is active: "dev"
2023-04-17 21:36:57,439 INFO  StartupInfoLogger:61 - [] Started ECommerceApplicationTests in 68.22 seconds (JVM running for 84.814)
2023-04-17 21:37:06,042 INFO  StartupInfoLogger:55 - [] Starting UserImplTest using Java 17.0.6 on DESKTOP-UFTPRTL with PID 10528 (started by Acer in C:\Users\Acer\Desktop\New folder (5)\E-commerce)
2023-04-17 21:37:06,045 DEBUG StartupInfoLogger:56 - [] Running with Spring Boot v2.7.10, Spring v5.3.26
2023-04-17 21:37:06,050 INFO  SpringApplication:637 - [] The following 1 profile is active: "dev"
2023-04-17 21:37:36,895 INFO  StartupInfoLogger:61 - [] Started UserImplTest in 31.364 seconds (JVM running for 124.27)
2023-04-17 21:37:38,447 INFO  UserImpl:35 - [] Initiating DAO Call for Create User
2023-04-17 21:37:38,518 INFO  UserImpl:43 - [] Completing DAO Call for Create User
2023-04-17 22:21:10,297 INFO  StartupInfoLogger:55 - [] Starting ECommerceApplicationTests using Java 17.0.6 on DESKTOP-UFTPRTL with PID 10616 (started by Acer in C:\Users\Acer\Desktop\New folder (5)\E-commerce)
2023-04-17 22:21:10,313 DEBUG StartupInfoLogger:56 - [] Running with Spring Boot v2.7.10, Spring v5.3.26
2023-04-17 22:21:10,317 INFO  SpringApplication:637 - [] The following 1 profile is active: "dev"
2023-04-17 22:21:54,142 INFO  StartupInfoLogger:61 - [] Started ECommerceApplicationTests in 48.007 seconds (JVM running for 56.856)
2023-04-17 22:21:56,430 INFO  StartupInfoLogger:55 - [] Starting UserImplTest using Java 17.0.6 on DESKTOP-UFTPRTL with PID 10616 (started by Acer in C:\Users\Acer\Desktop\New folder (5)\E-commerce)
2023-04-17 22:21:56,433 DEBUG StartupInfoLogger:56 - [] Running with Spring Boot v2.7.10, Spring v5.3.26
2023-04-17 22:21:56,445 INFO  SpringApplication:637 - [] The following 1 profile is active: "dev"
2023-04-17 22:22:12,227 INFO  StartupInfoLogger:61 - [] Started UserImplTest in 16.174 seconds (JVM running for 74.94)
2023-04-17 22:22:12,828 INFO  UserImpl:52 - [] Initiating DAO Call for Update User
2023-04-17 22:22:12,849 INFO  UserImpl:65 - [] Completing DAO Call For Update User
2023-04-17 22:22:13,056 INFO  UserImpl:52 - [] Initiating DAO Call for Update User
2023-04-17 22:22:14,218 INFO  UserImpl:35 - [] Initiating DAO Call for Create User
2023-04-17 22:22:14,273 INFO  UserImpl:43 - [] Completing DAO Call for Create User
2023-04-17 22:22:14,348 INFO  UserImpl:73 - [] Initiating DAO Call for Delete User
2023-04-17 22:23:47,003 INFO  StartupInfoLogger:55 - [] Starting UserImplTest using Java 17.0.6 on DESKTOP-UFTPRTL with PID 5512 (started by Acer in C:\Users\Acer\Desktop\New folder (5)\E-commerce)
2023-04-17 22:23:47,017 DEBUG StartupInfoLogger:56 - [] Running with Spring Boot v2.7.10, Spring v5.3.26
2023-04-17 22:23:47,020 INFO  SpringApplication:637 - [] The following 1 profile is active: "dev"
2023-04-17 22:24:18,217 INFO  StartupInfoLogger:61 - [] Started UserImplTest in 33.325 seconds (JVM running for 42.886)
2023-04-17 22:24:18,586 INFO  UserImpl:52 - [] Initiating DAO Call for Update User
2023-04-17 22:24:18,613 INFO  UserImpl:65 - [] Completing DAO Call For Update User
2023-04-17 22:24:18,841 INFO  UserImpl:52 - [] Initiating DAO Call for Update User
2023-04-17 22:24:18,844 INFO  UserImpl:65 - [] Completing DAO Call For Update User
2023-04-17 22:51:36,412 INFO  StartupInfoLogger:55 - [] Starting ECommerceApplicationTests using Java 17.0.6 on DESKTOP-UFTPRTL with PID 8808 (started by Acer in C:\Users\Acer\Desktop\New folder (5)\E-commerce)
2023-04-17 22:51:36,429 DEBUG StartupInfoLogger:56 - [] Running with Spring Boot v2.7.10, Spring v5.3.26
2023-04-17 22:51:36,443 INFO  SpringApplication:637 - [] The following 1 profile is active: "dev"
2023-04-17 22:52:13,485 INFO  StartupInfoLogger:61 - [] Started ECommerceApplicationTests in 39.489 seconds (JVM running for 56.911)
