2023-04-18 21:35:33,244 INFO  StartupInfoLogger:55 - [] Starting UserImplTest using Java 17.0.6 on DESKTOP-UFTPRTL with PID 8684 (started by Acer in C:\Users\Acer\Desktop\New folder (5)\E-commerce)
2023-04-18 21:35:33,327 DEBUG StartupInfoLogger:56 - [] Running with Spring Boot v2.7.10, Spring v5.3.26
2023-04-18 21:35:33,332 INFO  SpringApplication:637 - [] The following 1 profile is active: "dev"
2023-04-18 21:36:05,556 INFO  StartupInfoLogger:61 - [] Started UserImplTest in 34.348 seconds (JVM running for 43.09)
2023-04-18 21:36:05,991 INFO  UserImpl:35 - [] Initiating DAO Call for Create User
2023-04-18 21:36:06,092 INFO  UserImpl:43 - [] Completing DAO Call for Create User
2023-04-18 22:09:04,988 INFO  StartupInfoLogger:55 - [] Starting ECommerceApplicationTests using Java 17.0.6 on DESKTOP-UFTPRTL with PID 10328 (started by Acer in C:\Users\Acer\Desktop\New folder (5)\E-commerce)
2023-04-18 22:09:05,065 DEBUG StartupInfoLogger:56 - [] Running with Spring Boot v2.7.10, Spring v5.3.26
2023-04-18 22:09:05,071 INFO  SpringApplication:637 - [] The following 1 profile is active: "dev"
2023-04-18 22:10:21,818 INFO  StartupInfoLogger:61 - [] Started ECommerceApplicationTests in 80.905 seconds (JVM running for 95.524)
2023-04-18 22:10:24,062 INFO  StartupInfoLogger:55 - [] Starting UserImplTest using Java 17.0.6 on DESKTOP-UFTPRTL with PID 10328 (started by Acer in C:\Users\Acer\Desktop\New folder (5)\E-commerce)
2023-04-18 22:10:24,079 DEBUG StartupInfoLogger:56 - [] Running with Spring Boot v2.7.10, Spring v5.3.26
2023-04-18 22:10:24,109 INFO  SpringApplication:637 - [] The following 1 profile is active: "dev"
2023-04-18 22:10:32,824 INFO  StartupInfoLogger:61 - [] Started UserImplTest in 9.196 seconds (JVM running for 106.53)
2023-04-18 22:10:33,404 INFO  UserImpl:35 - [] Initiating DAO Call for Create User
2023-04-18 22:10:33,448 INFO  UserImpl:43 - [] Completing DAO Call for Create User
2023-04-18 22:15:53,300 INFO  StartupInfoLogger:55 - [] Starting UserImplTest using Java 17.0.6 on DESKTOP-UFTPRTL with PID 1300 (started by Acer in C:\Users\Acer\Desktop\New folder (5)\E-commerce)
2023-04-18 22:15:53,313 DEBUG StartupInfoLogger:56 - [] Running with Spring Boot v2.7.10, Spring v5.3.26
2023-04-18 22:15:53,315 INFO  SpringApplication:637 - [] The following 1 profile is active: "dev"
2023-04-18 22:16:24,885 INFO  StartupInfoLogger:61 - [] Started UserImplTest in 34.175 seconds (JVM running for 41.671)
2023-04-18 22:16:25,466 INFO  UserImpl:35 - [] Initiating DAO Call for Create User
2023-04-18 22:16:25,496 INFO  UserImpl:43 - [] Completing DAO Call for Create User
2023-04-18 23:07:49,943 INFO  StartupInfoLogger:55 - [] Starting UserImplTest using Java 17.0.6 on DESKTOP-UFTPRTL with PID 4640 (started by Acer in C:\Users\Acer\Desktop\New folder (5)\E-commerce)
2023-04-18 23:07:49,974 DEBUG StartupInfoLogger:56 - [] Running with Spring Boot v2.7.10, Spring v5.3.26
2023-04-18 23:07:49,977 INFO  SpringApplication:637 - [] The following 1 profile is active: "dev"
2023-04-18 23:09:23,133 INFO  StartupInfoLogger:61 - [] Started UserImplTest in 97.271 seconds (JVM running for 117.622)
2023-04-18 23:09:24,547 INFO  UserImpl:52 - [] Initiating DAO Call for Update User
2023-04-18 23:09:24,580 INFO  UserImpl:65 - [] Completing DAO Call For Update User
2023-04-18 23:09:25,011 INFO  UserImpl:52 - [] Initiating DAO Call for Update User
2023-04-18 23:11:39,807 INFO  StartupInfoLogger:55 - [] Starting UserImplTest using Java 17.0.6 on DESKTOP-UFTPRTL with PID 9812 (started by Acer in C:\Users\Acer\Desktop\New folder (5)\E-commerce)
2023-04-18 23:11:39,819 DEBUG StartupInfoLogger:56 - [] Running with Spring Boot v2.7.10, Spring v5.3.26
2023-04-18 23:11:39,824 INFO  SpringApplication:637 - [] The following 1 profile is active: "dev"
2023-04-18 23:12:35,288 INFO  StartupInfoLogger:61 - [] Started UserImplTest in 61.932 seconds (JVM running for 80.386)
2023-04-18 23:12:36,287 INFO  UserImpl:52 - [] Initiating DAO Call for Update User
2023-04-18 23:12:36,536 INFO  UserImpl:65 - [] Completing DAO Call For Update User
2023-04-18 23:15:08,656 INFO  StartupInfoLogger:55 - [] Starting UserImplTest using Java 17.0.6 on DESKTOP-UFTPRTL with PID 5276 (started by Acer in C:\Users\Acer\Desktop\New folder (5)\E-commerce)
2023-04-18 23:15:08,667 DEBUG StartupInfoLogger:56 - [] Running with Spring Boot v2.7.10, Spring v5.3.26
2023-04-18 23:15:08,669 INFO  SpringApplication:637 - [] The following 1 profile is active: "dev"
2023-04-18 23:15:38,462 INFO  StartupInfoLogger:61 - [] Started UserImplTest in 31.784 seconds (JVM running for 38.509)
2023-04-18 23:15:38,777 INFO  UserImpl:52 - [] Initiating DAO Call for Update User
2023-04-18 23:15:38,794 INFO  UserImpl:65 - [] Completing DAO Call For Update User
2023-04-18 23:32:47,729 INFO  StartupInfoLogger:55 - [] Starting UserImplTest using Java 17.0.6 on DESKTOP-UFTPRTL with PID 6556 (started by Acer in C:\Users\Acer\Desktop\New folder (5)\E-commerce)
2023-04-18 23:32:47,765 DEBUG StartupInfoLogger:56 - [] Running with Spring Boot v2.7.10, Spring v5.3.26
2023-04-18 23:32:47,768 INFO  SpringApplication:637 - [] The following 1 profile is active: "dev"
2023-04-18 23:33:29,733 INFO  StartupInfoLogger:61 - [] Started UserImplTest in 44.222 seconds (JVM running for 52.199)
2023-04-18 23:33:30,457 INFO  UserImpl:35 - [] Initiating DAO Call for Create User
2023-04-18 23:33:30,501 INFO  UserImpl:43 - [] Completing DAO Call for Create User
